c:\iloveyou\iloveyou\x64\debug\vc143.pdb
c:\iloveyou\iloveyou\x64\debug\vc143.idb
c:\iloveyou\iloveyou\x64\debug\main.obj
c:\iloveyou\iloveyou\x64\debug\cursor.obj
c:\iloveyou\iloveyou\x64\debug\windowgame.obj
c:\iloveyou\iloveyou\x64\debug\soundgame.obj
c:\iloveyou\iloveyou\x64\debug\musicgame.obj
c:\iloveyou\iloveyou\x64\debug\menugame.obj
c:\iloveyou\iloveyou\x64\debug\rectangle.obj
c:\iloveyou\x64\debug\iloveyou.exe
c:\iloveyou\x64\debug\iloveyou.pdb
c:\iloveyou\iloveyou\x64\debug\iloveyou.ilk
c:\iloveyou\iloveyou\x64\debug\animation.obj
c:\iloveyou\iloveyou\x64\debug\event.obj
c:\iloveyou\iloveyou\x64\debug\gamemenu.obj
c:\iloveyou\iloveyou\x64\debug\graph.obj
c:\iloveyou\iloveyou\x64\debug\init.obj
c:\iloveyou\iloveyou\x64\debug\initsdl.obj
c:\iloveyou\iloveyou\x64\debug\loading.obj
c:\iloveyou\iloveyou\x64\debug\music.obj
c:\iloveyou\iloveyou\x64\debug\parameter.obj
c:\iloveyou\iloveyou\x64\debug\texture.obj
c:\iloveyou\iloveyou\x64\debug\cursor.obj.enc
c:\iloveyou\iloveyou\x64\debug\event.obj.enc
c:\iloveyou\iloveyou\x64\debug\gamemenu.obj.enc
c:\iloveyou\iloveyou\x64\debug\main.obj.enc
c:\iloveyou\iloveyou\x64\debug\menugame.obj.enc
c:\iloveyou\iloveyou\x64\debug\windowgame.obj.enc
c:\iloveyou\iloveyou\x64\debug\iloveyou.tlog\cl.command.1.tlog
c:\iloveyou\iloveyou\x64\debug\iloveyou.tlog\cl.items.tlog
c:\iloveyou\iloveyou\x64\debug\iloveyou.tlog\cl.read.1.tlog
c:\iloveyou\iloveyou\x64\debug\iloveyou.tlog\cl.write.1.tlog
c:\iloveyou\iloveyou\x64\debug\iloveyou.tlog\link.command.1.tlog
c:\iloveyou\iloveyou\x64\debug\iloveyou.tlog\link.read.1.tlog
c:\iloveyou\iloveyou\x64\debug\iloveyou.tlog\link.secondary.1.tlog
c:\iloveyou\iloveyou\x64\debug\iloveyou.tlog\link.write.1.tlog
